<?xml version="1.0" encoding="UTF-8"?>
<!-- Generated by org.testng.reporters.JUnitReportReporter -->
<testsuite hostname="PE-HO-031" failures="0" tests="2" name="ProyectoMobile.RunProyMobile" time="409.966" errors="0" timestamp="2022-03-08T12:29:09 COT" skipped="0">
  <testcase classname="ProyectoMobile.RunProyMobile" name="CambioDireccionTest" time="199.579"/>
  <system-out/>
  <testcase classname="ProyectoMobile.RunProyMobile" name="PagarFacturaTest" time="210.387"/>
  <system-out/>
</testsuite> <!-- ProyectoMobile.RunProyMobile -->
